
Thu Sep 29 13:10:57 EDT 2016
To honour the JVM settings for this build a new JVM will be forked. Please consider using the daemon: https://docs.gradle.org/2.14.1/userguide/gradle_daemon.html.
Incremental java compilation is an incubating feature.
:app:preBuild UP-TO-DATE
:app:preDebugBuild UP-TO-DATE
:app:checkDebugManifest
:app:preReleaseBuild UP-TO-DATE
:app:prepareComAndroidSupportAnimatedVectorDrawable2421Library UP-TO-DATE
:app:prepareComAndroidSupportAppcompatV72421Library UP-TO-DATE
:app:prepareComAndroidSupportSupportCompat2421Library UP-TO-DATE
:app:prepareComAndroidSupportSupportCoreUi2421Library UP-TO-DATE
:app:prepareComAndroidSupportSupportCoreUtils2421Library UP-TO-DATE
:app:prepareComAndroidSupportSupportFragment2421Library UP-TO-DATE
:app:prepareComAndroidSupportSupportMediaCompat2421Library UP-TO-DATE
:app:prepareComAndroidSupportSupportV42421Library UP-TO-DATE
:app:prepareComAndroidSupportSupportVectorDrawable2421Library UP-TO-DATE
:app:prepareDebugDependencies
:app:compileDebugAidl UP-TO-DATE
:app:compileDebugRenderscript UP-TO-DATE
:app:generateDebugBuildConfig UP-TO-DATE
:app:generateDebugResValues UP-TO-DATE
:app:generateDebugResources UP-TO-DATE
:app:mergeDebugResources
:app:processDebugManifest
:app:processDebugResources FAILED

BUILD FAILED

Total time: 7.641 secs

Thu Sep 29 13:11:19 EDT 2016
To honour the JVM settings for this build a new JVM will be forked. Please consider using the daemon: https://docs.gradle.org/2.14.1/userguide/gradle_daemon.html.
Incremental java compilation is an incubating feature.
:app:preBuild UP-TO-DATE
:app:preDebugBuild UP-TO-DATE
:app:checkDebugManifest
:app:preReleaseBuild UP-TO-DATE
:app:prepareComAndroidSupportAnimatedVectorDrawable2421Library UP-TO-DATE
:app:prepareComAndroidSupportAppcompatV72421Library UP-TO-DATE
:app:prepareComAndroidSupportSupportCompat2421Library UP-TO-DATE
:app:prepareComAndroidSupportSupportCoreUi2421Library UP-TO-DATE
:app:prepareComAndroidSupportSupportCoreUtils2421Library UP-TO-DATE
:app:prepareComAndroidSupportSupportFragment2421Library UP-TO-DATE
:app:prepareComAndroidSupportSupportMediaCompat2421Library UP-TO-DATE
:app:prepareComAndroidSupportSupportV42421Library UP-TO-DATE
:app:prepareComAndroidSupportSupportVectorDrawable2421Library UP-TO-DATE
:app:prepareDebugDependencies
:app:compileDebugAidl UP-TO-DATE
:app:compileDebugRenderscript UP-TO-DATE
:app:generateDebugBuildConfig UP-TO-DATE
:app:generateDebugResValues UP-TO-DATE
:app:generateDebugResources UP-TO-DATE
:app:mergeDebugResources
:app:processDebugManifest UP-TO-DATE
:app:processDebugResources
:app:generateDebugSources
:app:incrementalDebugJavaCompilationSafeguard
:app:compileDebugJavaWithJavac
:app:compileDebugJavaWithJavac - is not incremental (e.g. outputs have changed, no previous execution, etc.).
:app:compileDebugNdk UP-TO-DATE
:app:compileDebugSources
:app:mergeDebugShaders
:app:compileDebugShaders
:app:generateDebugAssets
:app:mergeDebugAssets
:app:transformClassesWithDexForDebug
:app:mergeDebugJniLibFolders
:app:transformNative_libsWithMergeJniLibsForDebug
:app:processDebugJavaRes UP-TO-DATE
:app:transformResourcesWithMergeJavaResForDebug
:app:validateSigningDebug
:app:packageDebug
:app:assembleDebug

BUILD SUCCESSFUL

Total time: 13.876 secs

Thu Sep 29 13:12:24 EDT 2016
To honour the JVM settings for this build a new JVM will be forked. Please consider using the daemon: https://docs.gradle.org/2.14.1/userguide/gradle_daemon.html.
Incremental java compilation is an incubating feature.
:app:preBuild UP-TO-DATE
:app:preDebugBuild UP-TO-DATE
:app:checkDebugManifest
:app:preReleaseBuild UP-TO-DATE
:app:prepareComAndroidSupportAnimatedVectorDrawable2421Library UP-TO-DATE
:app:prepareComAndroidSupportAppcompatV72421Library UP-TO-DATE
:app:prepareComAndroidSupportSupportCompat2421Library UP-TO-DATE
:app:prepareComAndroidSupportSupportCoreUi2421Library UP-TO-DATE
:app:prepareComAndroidSupportSupportCoreUtils2421Library UP-TO-DATE
:app:prepareComAndroidSupportSupportFragment2421Library UP-TO-DATE
:app:prepareComAndroidSupportSupportMediaCompat2421Library UP-TO-DATE
:app:prepareComAndroidSupportSupportV42421Library UP-TO-DATE
:app:prepareComAndroidSupportSupportVectorDrawable2421Library UP-TO-DATE
:app:prepareDebugDependencies
:app:compileDebugAidl UP-TO-DATE
:app:compileDebugRenderscript UP-TO-DATE
:app:generateDebugBuildConfig UP-TO-DATE
:app:generateDebugResValues UP-TO-DATE
:app:generateDebugResources UP-TO-DATE
:app:mergeDebugResources UP-TO-DATE
:app:processDebugManifest UP-TO-DATE
:app:processDebugResources UP-TO-DATE
:app:generateDebugSources UP-TO-DATE
:app:incrementalDebugJavaCompilationSafeguard UP-TO-DATE
:app:compileDebugJavaWithJavac UP-TO-DATE
:app:compileDebugNdk UP-TO-DATE
:app:compileDebugSources UP-TO-DATE
:app:mergeDebugShaders UP-TO-DATE
:app:compileDebugShaders UP-TO-DATE
:app:generateDebugAssets UP-TO-DATE
:app:mergeDebugAssets UP-TO-DATE
:app:transformClassesWithDexForDebug UP-TO-DATE
:app:mergeDebugJniLibFolders UP-TO-DATE
:app:transformNative_libsWithMergeJniLibsForDebug UP-TO-DATE
:app:processDebugJavaRes UP-TO-DATE
:app:transformResourcesWithMergeJavaResForDebug UP-TO-DATE
:app:validateSigningDebug
:app:packageDebug UP-TO-DATE
:app:assembleDebug UP-TO-DATE

BUILD SUCCESSFUL

Total time: 8.992 secs

Thu Sep 29 13:15:39 EDT 2016
To honour the JVM settings for this build a new JVM will be forked. Please consider using the daemon: https://docs.gradle.org/2.14.1/userguide/gradle_daemon.html.
Incremental java compilation is an incubating feature.
:app:preBuild UP-TO-DATE
:app:preDebugBuild UP-TO-DATE
:app:checkDebugManifest
:app:preReleaseBuild UP-TO-DATE
:app:prepareComAndroidSupportAnimatedVectorDrawable2421Library UP-TO-DATE
:app:prepareComAndroidSupportAppcompatV72421Library UP-TO-DATE
:app:prepareComAndroidSupportSupportCompat2421Library UP-TO-DATE
:app:prepareComAndroidSupportSupportCoreUi2421Library UP-TO-DATE
:app:prepareComAndroidSupportSupportCoreUtils2421Library UP-TO-DATE
:app:prepareComAndroidSupportSupportFragment2421Library UP-TO-DATE
:app:prepareComAndroidSupportSupportMediaCompat2421Library UP-TO-DATE
:app:prepareComAndroidSupportSupportV42421Library UP-TO-DATE
:app:prepareComAndroidSupportSupportVectorDrawable2421Library UP-TO-DATE
:app:prepareDebugDependencies
:app:compileDebugAidl UP-TO-DATE
:app:compileDebugRenderscript UP-TO-DATE
:app:generateDebugBuildConfig UP-TO-DATE
:app:generateDebugResValues UP-TO-DATE
:app:generateDebugResources UP-TO-DATE
:app:mergeDebugResources
:app:processDebugManifest UP-TO-DATE
:app:processDebugResources
:app:generateDebugSources
:app:incrementalDebugJavaCompilationSafeguard UP-TO-DATE
:app:compileDebugJavaWithJavac UP-TO-DATE
:app:compileDebugNdk UP-TO-DATE
:app:compileDebugSources UP-TO-DATE
:app:mergeDebugShaders UP-TO-DATE
:app:compileDebugShaders UP-TO-DATE
:app:generateDebugAssets UP-TO-DATE
:app:mergeDebugAssets UP-TO-DATE
:app:transformClassesWithDexForDebug UP-TO-DATE
:app:mergeDebugJniLibFolders UP-TO-DATE
:app:transformNative_libsWithMergeJniLibsForDebug UP-TO-DATE
:app:processDebugJavaRes UP-TO-DATE
:app:transformResourcesWithMergeJavaResForDebug UP-TO-DATE
:app:validateSigningDebug
:app:packageDebug
:app:assembleDebug

BUILD SUCCESSFUL

Total time: 7.787 secs

Fri Sep 30 13:55:04 EDT 2016
To honour the JVM settings for this build a new JVM will be forked. Please consider using the daemon: https://docs.gradle.org/2.14.1/userguide/gradle_daemon.html.
Incremental java compilation is an incubating feature.
:app:preBuild UP-TO-DATE
:app:preDebugBuild UP-TO-DATE
:app:checkDebugManifest
:app:preReleaseBuild UP-TO-DATE
:app:prepareComAndroidSupportAnimatedVectorDrawable2421Library UP-TO-DATE
:app:prepareComAndroidSupportAppcompatV72421Library UP-TO-DATE
:app:prepareComAndroidSupportSupportCompat2421Library UP-TO-DATE
:app:prepareComAndroidSupportSupportCoreUi2421Library UP-TO-DATE
:app:prepareComAndroidSupportSupportCoreUtils2421Library UP-TO-DATE
:app:prepareComAndroidSupportSupportFragment2421Library UP-TO-DATE
:app:prepareComAndroidSupportSupportMediaCompat2421Library UP-TO-DATE
:app:prepareComAndroidSupportSupportV42421Library UP-TO-DATE
:app:prepareComAndroidSupportSupportVectorDrawable2421Library UP-TO-DATE
:app:prepareDebugDependencies
:app:compileDebugAidl UP-TO-DATE
:app:compileDebugRenderscript UP-TO-DATE
:app:generateDebugBuildConfig UP-TO-DATE
:app:generateDebugResValues UP-TO-DATE
:app:generateDebugResources UP-TO-DATE
:app:mergeDebugResources
:app:processDebugManifest UP-TO-DATE
:app:processDebugResources UP-TO-DATE
:app:generateDebugSources UP-TO-DATE
:app:incrementalDebugJavaCompilationSafeguard UP-TO-DATE
:app:compileDebugJavaWithJavac UP-TO-DATE
:app:compileDebugNdk UP-TO-DATE
:app:compileDebugSources UP-TO-DATE
:app:mergeDebugShaders UP-TO-DATE
:app:compileDebugShaders UP-TO-DATE
:app:generateDebugAssets UP-TO-DATE
:app:mergeDebugAssets UP-TO-DATE
:app:transformClassesWithDexForDebug UP-TO-DATE
:app:mergeDebugJniLibFolders UP-TO-DATE
:app:transformNative_libsWithMergeJniLibsForDebug UP-TO-DATE
:app:processDebugJavaRes UP-TO-DATE
:app:transformResourcesWithMergeJavaResForDebug UP-TO-DATE
:app:validateSigningDebug
:app:packageDebug UP-TO-DATE
:app:assembleDebug UP-TO-DATE

BUILD SUCCESSFUL

Total time: 8.699 secs

Fri Sep 30 13:57:03 EDT 2016
To honour the JVM settings for this build a new JVM will be forked. Please consider using the daemon: https://docs.gradle.org/2.14.1/userguide/gradle_daemon.html.
Incremental java compilation is an incubating feature.
:app:preBuild UP-TO-DATE
:app:preDebugBuild UP-TO-DATE
:app:checkDebugManifest
:app:preReleaseBuild UP-TO-DATE
:app:prepareComAndroidSupportAnimatedVectorDrawable2421Library UP-TO-DATE
:app:prepareComAndroidSupportAppcompatV72421Library UP-TO-DATE
:app:prepareComAndroidSupportSupportCompat2421Library UP-TO-DATE
:app:prepareComAndroidSupportSupportCoreUi2421Library UP-TO-DATE
:app:prepareComAndroidSupportSupportCoreUtils2421Library UP-TO-DATE
:app:prepareComAndroidSupportSupportFragment2421Library UP-TO-DATE
:app:prepareComAndroidSupportSupportMediaCompat2421Library UP-TO-DATE
:app:prepareComAndroidSupportSupportV42421Library UP-TO-DATE
:app:prepareComAndroidSupportSupportVectorDrawable2421Library UP-TO-DATE
:app:prepareDebugDependencies
:app:compileDebugAidl UP-TO-DATE
:app:compileDebugRenderscript UP-TO-DATE
:app:generateDebugBuildConfig UP-TO-DATE
:app:generateDebugResValues UP-TO-DATE
:app:generateDebugResources UP-TO-DATE
:app:mergeDebugResources UP-TO-DATE
:app:processDebugManifest UP-TO-DATE
:app:processDebugResources UP-TO-DATE
:app:generateDebugSources UP-TO-DATE
:app:incrementalDebugJavaCompilationSafeguard UP-TO-DATE
:app:compileDebugJavaWithJavac UP-TO-DATE
:app:compileDebugNdk UP-TO-DATE
:app:compileDebugSources UP-TO-DATE
:app:mergeDebugShaders UP-TO-DATE
:app:compileDebugShaders UP-TO-DATE
:app:generateDebugAssets UP-TO-DATE
:app:mergeDebugAssets UP-TO-DATE
:app:transformClassesWithDexForDebug UP-TO-DATE
:app:mergeDebugJniLibFolders UP-TO-DATE
:app:transformNative_libsWithMergeJniLibsForDebug UP-TO-DATE
:app:processDebugJavaRes UP-TO-DATE
:app:transformResourcesWithMergeJavaResForDebug UP-TO-DATE
:app:validateSigningDebug
:app:packageDebug UP-TO-DATE
:app:assembleDebug UP-TO-DATE

BUILD SUCCESSFUL

Total time: 6.718 secs

Fri Sep 30 14:07:42 EDT 2016
To honour the JVM settings for this build a new JVM will be forked. Please consider using the daemon: https://docs.gradle.org/2.14.1/userguide/gradle_daemon.html.
Incremental java compilation is an incubating feature.
:app:preBuild UP-TO-DATE
:app:preDebugBuild UP-TO-DATE
:app:checkDebugManifest
:app:preReleaseBuild UP-TO-DATE
:app:prepareComAndroidSupportAnimatedVectorDrawable2421Library UP-TO-DATE
:app:prepareComAndroidSupportAppcompatV72421Library UP-TO-DATE
:app:prepareComAndroidSupportSupportCompat2421Library UP-TO-DATE
:app:prepareComAndroidSupportSupportCoreUi2421Library UP-TO-DATE
:app:prepareComAndroidSupportSupportCoreUtils2421Library UP-TO-DATE
:app:prepareComAndroidSupportSupportFragment2421Library UP-TO-DATE
:app:prepareComAndroidSupportSupportMediaCompat2421Library UP-TO-DATE
:app:prepareComAndroidSupportSupportV42421Library UP-TO-DATE
:app:prepareComAndroidSupportSupportVectorDrawable2421Library UP-TO-DATE
:app:prepareDebugDependencies
:app:compileDebugAidl UP-TO-DATE
:app:compileDebugRenderscript UP-TO-DATE
:app:generateDebugBuildConfig UP-TO-DATE
:app:generateDebugResValues UP-TO-DATE
:app:generateDebugResources UP-TO-DATE
:app:mergeDebugResources
:app:processDebugManifest UP-TO-DATE
:app:processDebugResources
:app:generateDebugSources
:app:incrementalDebugJavaCompilationSafeguard UP-TO-DATE
:app:compileDebugJavaWithJavac UP-TO-DATE
:app:compileDebugNdk UP-TO-DATE
:app:compileDebugSources UP-TO-DATE
:app:mergeDebugShaders UP-TO-DATE
:app:compileDebugShaders UP-TO-DATE
:app:generateDebugAssets UP-TO-DATE
:app:mergeDebugAssets UP-TO-DATE
:app:transformClassesWithDexForDebug UP-TO-DATE
:app:mergeDebugJniLibFolders UP-TO-DATE
:app:transformNative_libsWithMergeJniLibsForDebug UP-TO-DATE
:app:processDebugJavaRes UP-TO-DATE
:app:transformResourcesWithMergeJavaResForDebug UP-TO-DATE
:app:validateSigningDebug
:app:packageDebug
:app:assembleDebug

BUILD SUCCESSFUL

Total time: 8.172 secs

Fri Sep 30 14:08:47 EDT 2016
To honour the JVM settings for this build a new JVM will be forked. Please consider using the daemon: https://docs.gradle.org/2.14.1/userguide/gradle_daemon.html.
Incremental java compilation is an incubating feature.
:app:preBuild UP-TO-DATE
:app:preDebugBuild UP-TO-DATE
:app:checkDebugManifest
:app:preReleaseBuild UP-TO-DATE
:app:prepareComAndroidSupportAnimatedVectorDrawable2421Library UP-TO-DATE
:app:prepareComAndroidSupportAppcompatV72421Library UP-TO-DATE
:app:prepareComAndroidSupportSupportCompat2421Library UP-TO-DATE
:app:prepareComAndroidSupportSupportCoreUi2421Library UP-TO-DATE
:app:prepareComAndroidSupportSupportCoreUtils2421Library UP-TO-DATE
:app:prepareComAndroidSupportSupportFragment2421Library UP-TO-DATE
:app:prepareComAndroidSupportSupportMediaCompat2421Library UP-TO-DATE
:app:prepareComAndroidSupportSupportV42421Library UP-TO-DATE
:app:prepareComAndroidSupportSupportVectorDrawable2421Library UP-TO-DATE
:app:prepareDebugDependencies
:app:compileDebugAidl UP-TO-DATE
:app:compileDebugRenderscript UP-TO-DATE
:app:generateDebugBuildConfig UP-TO-DATE
:app:generateDebugResValues UP-TO-DATE
:app:generateDebugResources UP-TO-DATE
:app:mergeDebugResources
:app:processDebugManifest UP-TO-DATE
:app:processDebugResources
:app:generateDebugSources
:app:incrementalDebugJavaCompilationSafeguard UP-TO-DATE
:app:compileDebugJavaWithJavac UP-TO-DATE
:app:compileDebugNdk UP-TO-DATE
:app:compileDebugSources UP-TO-DATE
:app:mergeDebugShaders UP-TO-DATE
:app:compileDebugShaders UP-TO-DATE
:app:generateDebugAssets UP-TO-DATE
:app:mergeDebugAssets UP-TO-DATE
:app:transformClassesWithDexForDebug UP-TO-DATE
:app:mergeDebugJniLibFolders UP-TO-DATE
:app:transformNative_libsWithMergeJniLibsForDebug UP-TO-DATE
:app:processDebugJavaRes UP-TO-DATE
:app:transformResourcesWithMergeJavaResForDebug UP-TO-DATE
:app:validateSigningDebug
:app:packageDebug
:app:assembleDebug

BUILD SUCCESSFUL

Total time: 7.926 secs

Fri Sep 30 14:15:05 EDT 2016
To honour the JVM settings for this build a new JVM will be forked. Please consider using the daemon: https://docs.gradle.org/2.14.1/userguide/gradle_daemon.html.
Incremental java compilation is an incubating feature.
:app:preBuild UP-TO-DATE
:app:preDebugBuild UP-TO-DATE
:app:checkDebugManifest
:app:preReleaseBuild UP-TO-DATE
:app:prepareComAndroidSupportAnimatedVectorDrawable2421Library UP-TO-DATE
:app:prepareComAndroidSupportAppcompatV72421Library UP-TO-DATE
:app:prepareComAndroidSupportSupportCompat2421Library UP-TO-DATE
:app:prepareComAndroidSupportSupportCoreUi2421Library UP-TO-DATE
:app:prepareComAndroidSupportSupportCoreUtils2421Library UP-TO-DATE
:app:prepareComAndroidSupportSupportFragment2421Library UP-TO-DATE
:app:prepareComAndroidSupportSupportMediaCompat2421Library UP-TO-DATE
:app:prepareComAndroidSupportSupportV42421Library UP-TO-DATE
:app:prepareComAndroidSupportSupportVectorDrawable2421Library UP-TO-DATE
:app:prepareDebugDependencies
:app:compileDebugAidl UP-TO-DATE
:app:compileDebugRenderscript UP-TO-DATE
:app:generateDebugBuildConfig UP-TO-DATE
:app:generateDebugResValues UP-TO-DATE
:app:generateDebugResources UP-TO-DATE
:app:mergeDebugResources
:app:processDebugManifest UP-TO-DATE
:app:processDebugResources
:app:generateDebugSources
:app:incrementalDebugJavaCompilationSafeguard UP-TO-DATE
:app:compileDebugJavaWithJavac UP-TO-DATE
:app:compileDebugNdk UP-TO-DATE
:app:compileDebugSources UP-TO-DATE
:app:mergeDebugShaders UP-TO-DATE
:app:compileDebugShaders UP-TO-DATE
:app:generateDebugAssets UP-TO-DATE
:app:mergeDebugAssets UP-TO-DATE
:app:transformClassesWithDexForDebug UP-TO-DATE
:app:mergeDebugJniLibFolders UP-TO-DATE
:app:transformNative_libsWithMergeJniLibsForDebug UP-TO-DATE
:app:processDebugJavaRes UP-TO-DATE
:app:transformResourcesWithMergeJavaResForDebug UP-TO-DATE
:app:validateSigningDebug
:app:packageDebug
:app:assembleDebug

BUILD SUCCESSFUL

Total time: 7.863 secs

Fri Sep 30 14:17:35 EDT 2016
To honour the JVM settings for this build a new JVM will be forked. Please consider using the daemon: https://docs.gradle.org/2.14.1/userguide/gradle_daemon.html.
Incremental java compilation is an incubating feature.
:app:preBuild UP-TO-DATE
:app:preDebugBuild UP-TO-DATE
:app:checkDebugManifest
:app:preReleaseBuild UP-TO-DATE
:app:prepareComAndroidSupportAnimatedVectorDrawable2421Library UP-TO-DATE
:app:prepareComAndroidSupportAppcompatV72421Library UP-TO-DATE
:app:prepareComAndroidSupportSupportCompat2421Library UP-TO-DATE
:app:prepareComAndroidSupportSupportCoreUi2421Library UP-TO-DATE
:app:prepareComAndroidSupportSupportCoreUtils2421Library UP-TO-DATE
:app:prepareComAndroidSupportSupportFragment2421Library UP-TO-DATE
:app:prepareComAndroidSupportSupportMediaCompat2421Library UP-TO-DATE
:app:prepareComAndroidSupportSupportV42421Library UP-TO-DATE
:app:prepareComAndroidSupportSupportVectorDrawable2421Library UP-TO-DATE
:app:prepareDebugDependencies
:app:compileDebugAidl UP-TO-DATE
:app:compileDebugRenderscript UP-TO-DATE
:app:generateDebugBuildConfig UP-TO-DATE
:app:generateDebugResValues UP-TO-DATE
:app:generateDebugResources UP-TO-DATE
:app:mergeDebugResources
:app:processDebugManifest UP-TO-DATE
:app:processDebugResources
:app:generateDebugSources
:app:incrementalDebugJavaCompilationSafeguard UP-TO-DATE
:app:compileDebugJavaWithJavac UP-TO-DATE
:app:compileDebugNdk UP-TO-DATE
:app:compileDebugSources UP-TO-DATE
:app:mergeDebugShaders UP-TO-DATE
:app:compileDebugShaders UP-TO-DATE
:app:generateDebugAssets UP-TO-DATE
:app:mergeDebugAssets UP-TO-DATE
:app:transformClassesWithDexForDebug UP-TO-DATE
:app:mergeDebugJniLibFolders UP-TO-DATE
:app:transformNative_libsWithMergeJniLibsForDebug UP-TO-DATE
:app:processDebugJavaRes UP-TO-DATE
:app:transformResourcesWithMergeJavaResForDebug UP-TO-DATE
:app:validateSigningDebug
:app:packageDebug
:app:assembleDebug

BUILD SUCCESSFUL

Total time: 7.853 secs

Fri Sep 30 14:17:56 EDT 2016
To honour the JVM settings for this build a new JVM will be forked. Please consider using the daemon: https://docs.gradle.org/2.14.1/userguide/gradle_daemon.html.
Incremental java compilation is an incubating feature.
:app:preBuild UP-TO-DATE
:app:preDebugBuild UP-TO-DATE
:app:checkDebugManifest
:app:preReleaseBuild UP-TO-DATE
:app:prepareComAndroidSupportAnimatedVectorDrawable2421Library UP-TO-DATE
:app:prepareComAndroidSupportAppcompatV72421Library UP-TO-DATE
:app:prepareComAndroidSupportSupportCompat2421Library UP-TO-DATE
:app:prepareComAndroidSupportSupportCoreUi2421Library UP-TO-DATE
:app:prepareComAndroidSupportSupportCoreUtils2421Library UP-TO-DATE
:app:prepareComAndroidSupportSupportFragment2421Library UP-TO-DATE
:app:prepareComAndroidSupportSupportMediaCompat2421Library UP-TO-DATE
:app:prepareComAndroidSupportSupportV42421Library UP-TO-DATE
:app:prepareComAndroidSupportSupportVectorDrawable2421Library UP-TO-DATE
:app:prepareDebugDependencies
:app:compileDebugAidl UP-TO-DATE
:app:compileDebugRenderscript UP-TO-DATE
:app:generateDebugBuildConfig UP-TO-DATE
:app:generateDebugResValues UP-TO-DATE
:app:generateDebugResources UP-TO-DATE
:app:mergeDebugResources UP-TO-DATE
:app:processDebugManifest UP-TO-DATE
:app:processDebugResources UP-TO-DATE
:app:generateDebugSources UP-TO-DATE
:app:incrementalDebugJavaCompilationSafeguard UP-TO-DATE
:app:compileDebugJavaWithJavac UP-TO-DATE
:app:compileDebugNdk UP-TO-DATE
:app:compileDebugSources UP-TO-DATE
:app:mergeDebugShaders UP-TO-DATE
:app:compileDebugShaders UP-TO-DATE
:app:generateDebugAssets UP-TO-DATE
:app:mergeDebugAssets UP-TO-DATE
:app:transformClassesWithDexForDebug UP-TO-DATE
:app:mergeDebugJniLibFolders UP-TO-DATE
:app:transformNative_libsWithMergeJniLibsForDebug UP-TO-DATE
:app:processDebugJavaRes UP-TO-DATE
:app:transformResourcesWithMergeJavaResForDebug UP-TO-DATE
:app:validateSigningDebug
:app:packageDebug UP-TO-DATE
:app:assembleDebug UP-TO-DATE

BUILD SUCCESSFUL

Total time: 6.918 secs

Fri Sep 30 14:43:04 EDT 2016
To honour the JVM settings for this build a new JVM will be forked. Please consider using the daemon: https://docs.gradle.org/2.14.1/userguide/gradle_daemon.html.
Incremental java compilation is an incubating feature.
:app:preBuild UP-TO-DATE
:app:preDebugBuild UP-TO-DATE
:app:checkDebugManifest
:app:preReleaseBuild UP-TO-DATE
:app:prepareComAndroidSupportAnimatedVectorDrawable2421Library UP-TO-DATE
:app:prepareComAndroidSupportAppcompatV72421Library UP-TO-DATE
:app:prepareComAndroidSupportSupportCompat2421Library UP-TO-DATE
:app:prepareComAndroidSupportSupportCoreUi2421Library UP-TO-DATE
:app:prepareComAndroidSupportSupportCoreUtils2421Library UP-TO-DATE
:app:prepareComAndroidSupportSupportFragment2421Library UP-TO-DATE
:app:prepareComAndroidSupportSupportMediaCompat2421Library UP-TO-DATE
:app:prepareComAndroidSupportSupportV42421Library UP-TO-DATE
:app:prepareComAndroidSupportSupportVectorDrawable2421Library UP-TO-DATE
:app:prepareDebugDependencies
:app:compileDebugAidl UP-TO-DATE
:app:compileDebugRenderscript UP-TO-DATE
:app:generateDebugBuildConfig UP-TO-DATE
:app:generateDebugResValues UP-TO-DATE
:app:generateDebugResources UP-TO-DATE
:app:mergeDebugResources
:app:processDebugManifest UP-TO-DATE
:app:processDebugResources
:app:generateDebugSources
:app:incrementalDebugJavaCompilationSafeguard UP-TO-DATE
:app:compileDebugJavaWithJavac UP-TO-DATE
:app:compileDebugNdk UP-TO-DATE
:app:compileDebugSources UP-TO-DATE
:app:mergeDebugShaders UP-TO-DATE
:app:compileDebugShaders UP-TO-DATE
:app:generateDebugAssets UP-TO-DATE
:app:mergeDebugAssets UP-TO-DATE
:app:transformClassesWithDexForDebug UP-TO-DATE
:app:mergeDebugJniLibFolders UP-TO-DATE
:app:transformNative_libsWithMergeJniLibsForDebug UP-TO-DATE
:app:processDebugJavaRes UP-TO-DATE
:app:transformResourcesWithMergeJavaResForDebug UP-TO-DATE
:app:validateSigningDebug
:app:packageDebug
:app:assembleDebug

BUILD SUCCESSFUL

Total time: 9.057 secs

Wed Oct  5 14:08:33 EDT 2016
To honour the JVM settings for this build a new JVM will be forked. Please consider using the daemon: https://docs.gradle.org/2.14.1/userguide/gradle_daemon.html.
Incremental java compilation is an incubating feature.
:app:preBuild UP-TO-DATE
:app:preDebugBuild UP-TO-DATE
:app:checkDebugManifest
:app:preReleaseBuild UP-TO-DATE
:app:prepareComAndroidSupportAnimatedVectorDrawable2421Library UP-TO-DATE
:app:prepareComAndroidSupportAppcompatV72421Library UP-TO-DATE
:app:prepareComAndroidSupportSupportCompat2421Library UP-TO-DATE
:app:prepareComAndroidSupportSupportCoreUi2421Library UP-TO-DATE
:app:prepareComAndroidSupportSupportCoreUtils2421Library UP-TO-DATE
:app:prepareComAndroidSupportSupportFragment2421Library UP-TO-DATE
:app:prepareComAndroidSupportSupportMediaCompat2421Library UP-TO-DATE
:app:prepareComAndroidSupportSupportV42421Library UP-TO-DATE
:app:prepareComAndroidSupportSupportVectorDrawable2421Library UP-TO-DATE
:app:prepareDebugDependencies
:app:compileDebugAidl UP-TO-DATE
:app:compileDebugRenderscript UP-TO-DATE
:app:generateDebugBuildConfig UP-TO-DATE
:app:generateDebugResValues UP-TO-DATE
:app:generateDebugResources UP-TO-DATE
:app:mergeDebugResources
:app:processDebugManifest
:app:processDebugResources FAILED

BUILD FAILED

Total time: 8.615 secs

Wed Oct  5 14:10:00 EDT 2016
To honour the JVM settings for this build a new JVM will be forked. Please consider using the daemon: https://docs.gradle.org/2.14.1/userguide/gradle_daemon.html.
Incremental java compilation is an incubating feature.
:app:preBuild UP-TO-DATE
:app:preDebugBuild UP-TO-DATE
:app:checkDebugManifest
:app:preReleaseBuild UP-TO-DATE
:app:prepareComAndroidSupportAnimatedVectorDrawable2421Library UP-TO-DATE
:app:prepareComAndroidSupportAppcompatV72421Library UP-TO-DATE
:app:prepareComAndroidSupportSupportCompat2421Library UP-TO-DATE
:app:prepareComAndroidSupportSupportCoreUi2421Library UP-TO-DATE
:app:prepareComAndroidSupportSupportCoreUtils2421Library UP-TO-DATE
:app:prepareComAndroidSupportSupportFragment2421Library UP-TO-DATE
:app:prepareComAndroidSupportSupportMediaCompat2421Library UP-TO-DATE
:app:prepareComAndroidSupportSupportV42421Library UP-TO-DATE
:app:prepareComAndroidSupportSupportVectorDrawable2421Library UP-TO-DATE
:app:prepareDebugDependencies
:app:compileDebugAidl UP-TO-DATE
:app:compileDebugRenderscript UP-TO-DATE
:app:generateDebugBuildConfig UP-TO-DATE
:app:generateDebugResValues UP-TO-DATE
:app:generateDebugResources UP-TO-DATE
:app:mergeDebugResources
:app:processDebugManifest UP-TO-DATE
:app:processDebugResources FAILED

BUILD FAILED

Total time: 7.071 secs

Wed Oct  5 14:10:44 EDT 2016
To honour the JVM settings for this build a new JVM will be forked. Please consider using the daemon: https://docs.gradle.org/2.14.1/userguide/gradle_daemon.html.
Incremental java compilation is an incubating feature.
:app:preBuild UP-TO-DATE
:app:preDebugBuild UP-TO-DATE
:app:checkDebugManifest
:app:preReleaseBuild UP-TO-DATE
:app:prepareComAndroidSupportAnimatedVectorDrawable2421Library UP-TO-DATE
:app:prepareComAndroidSupportAppcompatV72421Library UP-TO-DATE
:app:prepareComAndroidSupportSupportCompat2421Library UP-TO-DATE
:app:prepareComAndroidSupportSupportCoreUi2421Library UP-TO-DATE
:app:prepareComAndroidSupportSupportCoreUtils2421Library UP-TO-DATE
:app:prepareComAndroidSupportSupportFragment2421Library UP-TO-DATE
:app:prepareComAndroidSupportSupportMediaCompat2421Library UP-TO-DATE
:app:prepareComAndroidSupportSupportV42421Library UP-TO-DATE
:app:prepareComAndroidSupportSupportVectorDrawable2421Library UP-TO-DATE
:app:prepareDebugDependencies
:app:compileDebugAidl UP-TO-DATE
:app:compileDebugRenderscript UP-TO-DATE
:app:generateDebugBuildConfig UP-TO-DATE
:app:generateDebugResValues UP-TO-DATE
:app:generateDebugResources UP-TO-DATE
:app:mergeDebugResources
:app:processDebugManifest UP-TO-DATE
:app:processDebugResources
:app:generateDebugSources
:app:incrementalDebugJavaCompilationSafeguard
:app:compileDebugJavaWithJavac
:app:compileDebugJavaWithJavac - is not incremental (e.g. outputs have changed, no previous execution, etc.).
:app:compileDebugJavaWithJavac FAILED

BUILD FAILED

Total time: 7.837 secs

Wed Oct  5 14:11:41 EDT 2016
To honour the JVM settings for this build a new JVM will be forked. Please consider using the daemon: https://docs.gradle.org/2.14.1/userguide/gradle_daemon.html.
Incremental java compilation is an incubating feature.
:app:preBuild UP-TO-DATE
:app:preDebugBuild UP-TO-DATE
:app:checkDebugManifest
:app:preReleaseBuild UP-TO-DATE
:app:prepareComAndroidSupportAnimatedVectorDrawable2421Library UP-TO-DATE
:app:prepareComAndroidSupportAppcompatV72421Library UP-TO-DATE
:app:prepareComAndroidSupportSupportCompat2421Library UP-TO-DATE
:app:prepareComAndroidSupportSupportCoreUi2421Library UP-TO-DATE
:app:prepareComAndroidSupportSupportCoreUtils2421Library UP-TO-DATE
:app:prepareComAndroidSupportSupportFragment2421Library UP-TO-DATE
:app:prepareComAndroidSupportSupportMediaCompat2421Library UP-TO-DATE
:app:prepareComAndroidSupportSupportV42421Library UP-TO-DATE
:app:prepareComAndroidSupportSupportVectorDrawable2421Library UP-TO-DATE
:app:prepareDebugDependencies
:app:compileDebugAidl UP-TO-DATE
:app:compileDebugRenderscript UP-TO-DATE
:app:generateDebugBuildConfig UP-TO-DATE
:app:generateDebugResValues UP-TO-DATE
:app:generateDebugResources UP-TO-DATE
:app:mergeDebugResources UP-TO-DATE
:app:processDebugManifest UP-TO-DATE
:app:processDebugResources UP-TO-DATE
:app:generateDebugSources UP-TO-DATE
:app:incrementalDebugJavaCompilationSafeguard UP-TO-DATE
:app:compileDebugJavaWithJavac
:app:compileDebugJavaWithJavac - is not incremental (e.g. outputs have changed, no previous execution, etc.).
:app:compileDebugJavaWithJavac FAILED

BUILD FAILED

Total time: 7.166 secs

Wed Oct  5 14:13:48 EDT 2016
To honour the JVM settings for this build a new JVM will be forked. Please consider using the daemon: https://docs.gradle.org/2.14.1/userguide/gradle_daemon.html.
Incremental java compilation is an incubating feature.
:app:preBuild UP-TO-DATE
:app:preDebugBuild UP-TO-DATE
:app:checkDebugManifest
:app:preReleaseBuild UP-TO-DATE
:app:prepareComAndroidSupportAnimatedVectorDrawable2421Library UP-TO-DATE
:app:prepareComAndroidSupportAppcompatV72421Library UP-TO-DATE
:app:prepareComAndroidSupportSupportCompat2421Library UP-TO-DATE
:app:prepareComAndroidSupportSupportCoreUi2421Library UP-TO-DATE
:app:prepareComAndroidSupportSupportCoreUtils2421Library UP-TO-DATE
:app:prepareComAndroidSupportSupportFragment2421Library UP-TO-DATE
:app:prepareComAndroidSupportSupportMediaCompat2421Library UP-TO-DATE
:app:prepareComAndroidSupportSupportV42421Library UP-TO-DATE
:app:prepareComAndroidSupportSupportVectorDrawable2421Library UP-TO-DATE
:app:prepareDebugDependencies
:app:compileDebugAidl UP-TO-DATE
:app:compileDebugRenderscript UP-TO-DATE
:app:generateDebugBuildConfig UP-TO-DATE
:app:generateDebugResValues UP-TO-DATE
:app:generateDebugResources UP-TO-DATE
:app:mergeDebugResources UP-TO-DATE
:app:processDebugManifest UP-TO-DATE
:app:processDebugResources UP-TO-DATE
:app:generateDebugSources UP-TO-DATE
:app:incrementalDebugJavaCompilationSafeguard UP-TO-DATE
:app:compileDebugJavaWithJavac
:app:compileDebugJavaWithJavac - is not incremental (e.g. outputs have changed, no previous execution, etc.).
:app:compileDebugJavaWithJavac FAILED

BUILD FAILED

Total time: 7.315 secs

Wed Oct  5 14:14:28 EDT 2016
To honour the JVM settings for this build a new JVM will be forked. Please consider using the daemon: https://docs.gradle.org/2.14.1/userguide/gradle_daemon.html.
Incremental java compilation is an incubating feature.
:app:preBuild UP-TO-DATE
:app:preDebugBuild UP-TO-DATE
:app:checkDebugManifest
:app:preReleaseBuild UP-TO-DATE
:app:prepareComAndroidSupportAnimatedVectorDrawable2421Library UP-TO-DATE
:app:prepareComAndroidSupportAppcompatV72421Library UP-TO-DATE
:app:prepareComAndroidSupportSupportCompat2421Library UP-TO-DATE
:app:prepareComAndroidSupportSupportCoreUi2421Library UP-TO-DATE
:app:prepareComAndroidSupportSupportCoreUtils2421Library UP-TO-DATE
:app:prepareComAndroidSupportSupportFragment2421Library UP-TO-DATE
:app:prepareComAndroidSupportSupportMediaCompat2421Library UP-TO-DATE
:app:prepareComAndroidSupportSupportV42421Library UP-TO-DATE
:app:prepareComAndroidSupportSupportVectorDrawable2421Library UP-TO-DATE
:app:prepareDebugDependencies
:app:compileDebugAidl UP-TO-DATE
:app:compileDebugRenderscript UP-TO-DATE
:app:generateDebugBuildConfig UP-TO-DATE
:app:generateDebugResValues UP-TO-DATE
:app:generateDebugResources UP-TO-DATE
:app:mergeDebugResources UP-TO-DATE
:app:processDebugManifest UP-TO-DATE
:app:processDebugResources UP-TO-DATE
:app:generateDebugSources UP-TO-DATE
:app:incrementalDebugJavaCompilationSafeguard UP-TO-DATE
:app:compileDebugJavaWithJavac
:app:compileDebugJavaWithJavac - is not incremental (e.g. outputs have changed, no previous execution, etc.).
:app:compileDebugJavaWithJavac FAILED

BUILD FAILED

Total time: 7.307 secs

Wed Oct  5 14:16:13 EDT 2016
To honour the JVM settings for this build a new JVM will be forked. Please consider using the daemon: https://docs.gradle.org/2.14.1/userguide/gradle_daemon.html.
Incremental java compilation is an incubating feature.
:app:preBuild UP-TO-DATE
:app:preDebugBuild UP-TO-DATE
:app:checkDebugManifest
:app:preReleaseBuild UP-TO-DATE
:app:prepareComAndroidSupportAnimatedVectorDrawable2421Library UP-TO-DATE
:app:prepareComAndroidSupportAppcompatV72421Library UP-TO-DATE
:app:prepareComAndroidSupportSupportCompat2421Library UP-TO-DATE
:app:prepareComAndroidSupportSupportCoreUi2421Library UP-TO-DATE
:app:prepareComAndroidSupportSupportCoreUtils2421Library UP-TO-DATE
:app:prepareComAndroidSupportSupportFragment2421Library UP-TO-DATE
:app:prepareComAndroidSupportSupportMediaCompat2421Library UP-TO-DATE
:app:prepareComAndroidSupportSupportV42421Library UP-TO-DATE
:app:prepareComAndroidSupportSupportVectorDrawable2421Library UP-TO-DATE
:app:prepareDebugDependencies
:app:compileDebugAidl UP-TO-DATE
:app:compileDebugRenderscript UP-TO-DATE
:app:generateDebugBuildConfig UP-TO-DATE
:app:generateDebugResValues UP-TO-DATE
:app:generateDebugResources UP-TO-DATE
:app:mergeDebugResources UP-TO-DATE
:app:processDebugManifest UP-TO-DATE
:app:processDebugResources UP-TO-DATE
:app:generateDebugSources UP-TO-DATE
:app:incrementalDebugJavaCompilationSafeguard UP-TO-DATE
:app:compileDebugJavaWithJavac
:app:compileDebugJavaWithJavac - is not incremental (e.g. outputs have changed, no previous execution, etc.).
:app:compileDebugNdk UP-TO-DATE
:app:compileDebugSources
:app:mergeDebugShaders UP-TO-DATE
:app:compileDebugShaders UP-TO-DATE
:app:generateDebugAssets UP-TO-DATE
:app:mergeDebugAssets UP-TO-DATE
:app:transformClassesWithDexForDebug
:app:mergeDebugJniLibFolders UP-TO-DATE
:app:transformNative_libsWithMergeJniLibsForDebug UP-TO-DATE
:app:processDebugJavaRes UP-TO-DATE
:app:transformResourcesWithMergeJavaResForDebug UP-TO-DATE
:app:validateSigningDebug
:app:packageDebug
:app:assembleDebug

BUILD SUCCESSFUL

Total time: 9.177 secs

Wed Oct  5 14:16:50 EDT 2016
To honour the JVM settings for this build a new JVM will be forked. Please consider using the daemon: https://docs.gradle.org/2.14.1/userguide/gradle_daemon.html.
Incremental java compilation is an incubating feature.
:app:preBuild UP-TO-DATE
:app:preDebugBuild UP-TO-DATE
:app:checkDebugManifest
:app:preReleaseBuild UP-TO-DATE
:app:prepareComAndroidSupportAnimatedVectorDrawable2421Library UP-TO-DATE
:app:prepareComAndroidSupportAppcompatV72421Library UP-TO-DATE
:app:prepareComAndroidSupportSupportCompat2421Library UP-TO-DATE
:app:prepareComAndroidSupportSupportCoreUi2421Library UP-TO-DATE
:app:prepareComAndroidSupportSupportCoreUtils2421Library UP-TO-DATE
:app:prepareComAndroidSupportSupportFragment2421Library UP-TO-DATE
:app:prepareComAndroidSupportSupportMediaCompat2421Library UP-TO-DATE
:app:prepareComAndroidSupportSupportV42421Library UP-TO-DATE
:app:prepareComAndroidSupportSupportVectorDrawable2421Library UP-TO-DATE
:app:prepareDebugDependencies
:app:compileDebugAidl UP-TO-DATE
:app:compileDebugRenderscript UP-TO-DATE
:app:generateDebugBuildConfig UP-TO-DATE
:app:generateDebugResValues UP-TO-DATE
:app:generateDebugResources UP-TO-DATE
:app:mergeDebugResources UP-TO-DATE
:app:processDebugManifest UP-TO-DATE
:app:processDebugResources UP-TO-DATE
:app:generateDebugSources UP-TO-DATE
:app:incrementalDebugJavaCompilationSafeguard UP-TO-DATE
:app:compileDebugJavaWithJavac UP-TO-DATE
:app:compileDebugNdk UP-TO-DATE
:app:compileDebugSources UP-TO-DATE
:app:mergeDebugShaders UP-TO-DATE
:app:compileDebugShaders UP-TO-DATE
:app:generateDebugAssets UP-TO-DATE
:app:mergeDebugAssets UP-TO-DATE
:app:transformClassesWithDexForDebug UP-TO-DATE
:app:mergeDebugJniLibFolders UP-TO-DATE
:app:transformNative_libsWithMergeJniLibsForDebug UP-TO-DATE
:app:processDebugJavaRes UP-TO-DATE
:app:transformResourcesWithMergeJavaResForDebug UP-TO-DATE
:app:validateSigningDebug
:app:packageDebug UP-TO-DATE
:app:assembleDebug UP-TO-DATE

BUILD SUCCESSFUL

Total time: 6.523 secs

Wed Oct  5 14:17:55 EDT 2016
To honour the JVM settings for this build a new JVM will be forked. Please consider using the daemon: https://docs.gradle.org/2.14.1/userguide/gradle_daemon.html.
Incremental java compilation is an incubating feature.
:app:preBuild UP-TO-DATE
:app:preDebugBuild UP-TO-DATE
:app:checkDebugManifest
:app:preReleaseBuild UP-TO-DATE
:app:prepareComAndroidSupportAnimatedVectorDrawable2421Library UP-TO-DATE
:app:prepareComAndroidSupportAppcompatV72421Library UP-TO-DATE
:app:prepareComAndroidSupportSupportCompat2421Library UP-TO-DATE
:app:prepareComAndroidSupportSupportCoreUi2421Library UP-TO-DATE
:app:prepareComAndroidSupportSupportCoreUtils2421Library UP-TO-DATE
:app:prepareComAndroidSupportSupportFragment2421Library UP-TO-DATE
:app:prepareComAndroidSupportSupportMediaCompat2421Library UP-TO-DATE
:app:prepareComAndroidSupportSupportV42421Library UP-TO-DATE
:app:prepareComAndroidSupportSupportVectorDrawable2421Library UP-TO-DATE
:app:prepareDebugDependencies
:app:compileDebugAidl UP-TO-DATE
:app:compileDebugRenderscript UP-TO-DATE
:app:generateDebugBuildConfig UP-TO-DATE
:app:generateDebugResValues UP-TO-DATE
:app:generateDebugResources UP-TO-DATE
:app:mergeDebugResources UP-TO-DATE
:app:processDebugManifest UP-TO-DATE
:app:processDebugResources UP-TO-DATE
:app:generateDebugSources UP-TO-DATE
:app:incrementalDebugJavaCompilationSafeguard UP-TO-DATE
:app:compileDebugJavaWithJavac
Incremental compilation of 1 classes completed in 0.417 secs.
:app:compileDebugNdk UP-TO-DATE
:app:compileDebugSources
:app:mergeDebugShaders UP-TO-DATE
:app:compileDebugShaders UP-TO-DATE
:app:generateDebugAssets UP-TO-DATE
:app:mergeDebugAssets UP-TO-DATE
:app:transformClassesWithDexForDebug
:app:mergeDebugJniLibFolders UP-TO-DATE
:app:transformNative_libsWithMergeJniLibsForDebug UP-TO-DATE
:app:processDebugJavaRes UP-TO-DATE
:app:transformResourcesWithMergeJavaResForDebug UP-TO-DATE
:app:validateSigningDebug
:app:packageDebug
:app:assembleDebug

BUILD SUCCESSFUL

Total time: 8.401 secs

Mon Oct 10 21:09:31 EDT 2016
To honour the JVM settings for this build a new JVM will be forked. Please consider using the daemon: https://docs.gradle.org/2.14.1/userguide/gradle_daemon.html.
Incremental java compilation is an incubating feature.
:app:preBuild UP-TO-DATE
:app:preDebugBuild UP-TO-DATE
:app:checkDebugManifest
:app:preReleaseBuild UP-TO-DATE
:app:prepareComAndroidSupportAnimatedVectorDrawable2421Library UP-TO-DATE
:app:prepareComAndroidSupportAppcompatV72421Library UP-TO-DATE
:app:prepareComAndroidSupportSupportCompat2421Library UP-TO-DATE
:app:prepareComAndroidSupportSupportCoreUi2421Library UP-TO-DATE
:app:prepareComAndroidSupportSupportCoreUtils2421Library UP-TO-DATE
:app:prepareComAndroidSupportSupportFragment2421Library UP-TO-DATE
:app:prepareComAndroidSupportSupportMediaCompat2421Library UP-TO-DATE
:app:prepareComAndroidSupportSupportV42421Library UP-TO-DATE
:app:prepareComAndroidSupportSupportVectorDrawable2421Library UP-TO-DATE
:app:prepareDebugDependencies
:app:compileDebugAidl UP-TO-DATE
:app:compileDebugRenderscript UP-TO-DATE
:app:generateDebugBuildConfig UP-TO-DATE
:app:generateDebugResValues UP-TO-DATE
:app:generateDebugResources UP-TO-DATE
:app:mergeDebugResources
:app:processDebugManifest UP-TO-DATE
:app:processDebugResources UP-TO-DATE
:app:generateDebugSources UP-TO-DATE
:app:incrementalDebugJavaCompilationSafeguard UP-TO-DATE
:app:compileDebugJavaWithJavac UP-TO-DATE
:app:compileDebugNdk UP-TO-DATE
:app:compileDebugSources UP-TO-DATE
:app:mergeDebugShaders UP-TO-DATE
:app:compileDebugShaders UP-TO-DATE
:app:generateDebugAssets UP-TO-DATE
:app:mergeDebugAssets UP-TO-DATE
:app:transformClassesWithDexForDebug UP-TO-DATE
:app:mergeDebugJniLibFolders UP-TO-DATE
:app:transformNative_libsWithMergeJniLibsForDebug UP-TO-DATE
:app:processDebugJavaRes UP-TO-DATE
:app:transformResourcesWithMergeJavaResForDebug UP-TO-DATE
:app:validateSigningDebug
:app:packageDebug UP-TO-DATE
:app:assembleDebug UP-TO-DATE

BUILD SUCCESSFUL

Total time: 7.253 secs

Mon Oct 10 21:11:35 EDT 2016
To honour the JVM settings for this build a new JVM will be forked. Please consider using the daemon: https://docs.gradle.org/2.14.1/userguide/gradle_daemon.html.
Incremental java compilation is an incubating feature.
:app:preBuild UP-TO-DATE
:app:preDebugBuild UP-TO-DATE
:app:checkDebugManifest
:app:preReleaseBuild UP-TO-DATE
:app:prepareComAndroidSupportAnimatedVectorDrawable2421Library UP-TO-DATE
:app:prepareComAndroidSupportAppcompatV72421Library UP-TO-DATE
:app:prepareComAndroidSupportSupportCompat2421Library UP-TO-DATE
:app:prepareComAndroidSupportSupportCoreUi2421Library UP-TO-DATE
:app:prepareComAndroidSupportSupportCoreUtils2421Library UP-TO-DATE
:app:prepareComAndroidSupportSupportFragment2421Library UP-TO-DATE
:app:prepareComAndroidSupportSupportMediaCompat2421Library UP-TO-DATE
:app:prepareComAndroidSupportSupportV42421Library UP-TO-DATE
:app:prepareComAndroidSupportSupportVectorDrawable2421Library UP-TO-DATE
:app:prepareDebugDependencies
:app:compileDebugAidl UP-TO-DATE
:app:compileDebugRenderscript UP-TO-DATE
:app:generateDebugBuildConfig UP-TO-DATE
:app:generateDebugResValues UP-TO-DATE
:app:generateDebugResources UP-TO-DATE
:app:mergeDebugResources
:app:processDebugManifest UP-TO-DATE
:app:processDebugResources
:app:generateDebugSources
:app:incrementalDebugJavaCompilationSafeguard
:app:compileDebugJavaWithJavac
:app:compileDebugJavaWithJavac - is not incremental (e.g. outputs have changed, no previous execution, etc.).
:app:compileDebugNdk UP-TO-DATE
:app:compileDebugSources
:app:mergeDebugShaders UP-TO-DATE
:app:compileDebugShaders UP-TO-DATE
:app:generateDebugAssets UP-TO-DATE
:app:mergeDebugAssets UP-TO-DATE
:app:transformClassesWithDexForDebug
:app:mergeDebugJniLibFolders UP-TO-DATE
:app:transformNative_libsWithMergeJniLibsForDebug UP-TO-DATE
:app:processDebugJavaRes UP-TO-DATE
:app:transformResourcesWithMergeJavaResForDebug UP-TO-DATE
:app:validateSigningDebug
:app:packageDebug
:app:assembleDebug

BUILD SUCCESSFUL

Total time: 9.786 secs
